2024-12-16 17:31:54.564 - DBeaver 24.3.0.202412011650 is starting
2024-12-16 17:31:54.565 - OS: Windows 10 10.0 (amd64)
2024-12-16 17:31:54.565 - Java version: 17.0.6 by Eclipse Adoptium (64bit)
2024-12-16 17:31:54.566 - Install path: 'D:\web_0900_bjs\dbms\resource\dbeaver-ce-24.3.0-win32.win32.x86_64\dbeaver'
2024-12-16 17:31:54.566 - Instance path: 'file:/D:/web_0900_bjs/dbms/workspace/'
2024-12-16 17:31:54.567 - Memory available 64Mb/1024Mb
2024-12-16 17:31:54.567 - Platform not initialized: metadata folder may be not set
2024-12-16 17:31:54.574 - Create display
> Start Eclipse IDE UI [org.eclipse.ui.ide 3.22.300.v20240828-1234]
2024-12-16 17:31:54.650 - Initialize desktop platform...
2024-12-16 17:31:54.712 - BounceCastle bundle found. Use JCE provider BC
> Start Core File Systems [org.eclipse.core.filesystem 1.11.0.v20240824-0952]
> Start Core Resource Management [org.eclipse.core.resources 3.21.0.v20240805-1607]
> Start Team Support Core [org.eclipse.team.core 3.10.500.v20240621-0541]
> Start DBeaver UI Navigator [org.jkiss.dbeaver.ui.navigator 1.0.144.202412011650]
2024-12-16 17:31:54.792 - 
2024-12-16 17:31:54.792 - 	Refreshing workspace.
2024-12-16 17:31:54.793 - Refreshing workspace contents
2024-12-16 17:31:54.831 - Initialize base platform...
> Start DBeaver UI Editors - Base [org.jkiss.dbeaver.ui.editors.base 1.0.144.202412011650]
2024-12-16 17:31:54.844 - Platform initialized (193ms)
2024-12-16 17:31:54.878 - Starting instance server at http://localhost:51219
2024-12-16 17:31:54.883 - Run workbench
> Start Eclipse e4 Workbench SWT [org.eclipse.e4.ui.workbench.swt 0.17.500.v20240807-0911]
> Start Eclipse Application Services [org.eclipse.e4.core.services 2.4.400.v20240413-1529]
> Start Eclipse UI Application Services [org.eclipse.e4.ui.services 1.6.300.v20231201-1637]
> Start Eclipse e4 Progress View [org.eclipse.e4.ui.progress 0.4.600.v20240606-1020]
> Start Eclipse Bindings Support [org.eclipse.e4.ui.bindings 0.14.400.v20240321-1245]
> Start Eclipse e4 core commands [org.eclipse.e4.core.commands 1.1.400.v20240424-0444]
> Start EMF XML/XMI Persistence [org.eclipse.emf.ecore.xmi 2.38.0.v20240721-0634]
> Start Eclipse CSS SWT Theme Support [org.eclipse.e4.ui.css.swt.theme 0.14.400.v20240424-0956]
> Start Eclipse e4 Workbench Add-ons [org.eclipse.e4.ui.workbench.addons.swt 1.5.500.v20240620-1945]
> Start Eclipse e4 Workbench SWT Renderer [org.eclipse.e4.ui.workbench.renderers.swt 0.16.500.v20240727-1037]
> Start Eclipse Dependency Injection Extensions [org.eclipse.e4.core.di.extensions 0.18.300.v20240413-1529]
> Start Eclipse CSS SWT Support [org.eclipse.e4.ui.css.swt 0.15.400.v20240321-1245]
2024-12-16 17:31:55.677 - Configure workbench window
> Start DBeaver SQL Model [org.jkiss.dbeaver.model.sql 1.0.134.202412011650]
2024-12-16 17:31:55.739 - Script dialect 'gbase8s' not found in registry (for data source provider gbase8s). Use default.
2024-12-16 17:31:55.761 - Total database drivers: 121 (121)
> Start Help System Core [org.eclipse.help 3.10.400.v20240415-0528]
2024-12-16 17:31:55.808 - Create actions
2024-12-16 17:31:55.816 - Disable Eclipse action set 'org.eclipse.ui.edit.text.actionSet.annotationNavigation'
2024-12-16 17:31:55.816 - Disable Eclipse action set 'org.eclipse.ui.WorkingSetActionSet'
2024-12-16 17:31:55.816 - Disable Eclipse action set 'org.eclipse.ui.actionSet.openFiles'
2024-12-16 17:31:55.816 - Create workbench actions
> Start Default Text Editor [org.eclipse.ui.editors 3.18.0.v20240807-0735]
> Start Text Editor Framework [org.eclipse.ui.workbench.texteditor 3.18.0.v20240819-1419]
2024-12-16 17:31:56.339 - Initialize workbench window
2024-12-16 17:31:56.344 - Finish initialization
> Start DBeaver UI Editors - Data [org.jkiss.dbeaver.ui.editors.data 1.0.144.202412011650]
> Start Internet Connection Management UI [org.eclipse.ui.net 1.5.400.v20240413-1529]
> Start Internet Connection Management [org.eclipse.core.net 1.5.500.v20240625-1706]
Warning: NLS unused message: actions_navigator__objects in: org.jkiss.dbeaver.ui.editors.sql.internal.SQLEditorMessages
> Start DBeaver UI Editors - SQL [org.jkiss.dbeaver.ui.editors.sql 1.0.144.202412011650]
> Start GEF Classic Draw2d [org.eclipse.draw2d 3.17.0.202409021815]
> Start GEF Classic GEF (MVC) [org.eclipse.gef 3.19.0.202409021815]
> Start DBeaver ERD UI [org.jkiss.dbeaver.erd.ui 3.0.104.202412011650]
> Start DBeaver ERD Model [org.jkiss.dbeaver.erd.model 1.0.104.202412011650]
> Start DBeaver Dashboard UI [org.jkiss.dbeaver.ui.dashboard 1.0.141.202412011650]
> Start DBeaver Sample Database [org.jkiss.dbeaver.ext.sample.database 1.0.181.202412011650]
> Start DBeaver Tip of the day [org.jkiss.dbeaver.ext.ui.tipoftheday 1.0.150.202412011650]
> Start DBeaver UI Editors - Connections [org.jkiss.dbeaver.ui.editors.connection 1.0.135.202412011650]
2024-12-16 17:31:59.475 - Open [https://dbeaver.io/product/version.xml]
> Start DBeaver Oracle UI [org.jkiss.dbeaver.ext.oracle.ui 1.0.131.202412011650]
> Start DBeaver Oracle Model [org.jkiss.dbeaver.ext.oracle 2.1.229.202412011650]
> Start DBeaver JDBC Model [org.jkiss.dbeaver.model.jdbc 1.0.37.202412011650]
2024-12-16 17:34:27.004 - Auth model 'native' was replaced by 'oracle_native'
2024-12-16 17:34:27.013 - Service 'org.jkiss.dbeaver.runtime.ui.UIServiceSecurity' not found
2024-12-16 17:35:28.222 - Open [https://repo1.maven.org/maven2/com/oracle/database/jdbc/ojdbc11/23.2.0.0/ojdbc11-23.2.0.0.pom]
2024-12-16 17:35:28.820 - Open [https://repo1.maven.org/maven2/com/oracle/database/nls/orai18n/23.2.0.0/orai18n-23.2.0.0.pom]
2024-12-16 17:35:28.967 - Open [https://repo1.maven.org/maven2/com/oracle/database/xml/xdb6/18.3.0.0/xdb6-18.3.0.0.pom]
2024-12-16 17:35:29.123 - Open [https://repo1.maven.org/maven2/com/oracle/database/xml/xmlparserv2/18.3.0.0/xmlparserv2-18.3.0.0.pom]
2024-12-16 17:35:29.280 - Open [https://repo1.maven.org/maven2/com/oracle/database/xml/xmlparserv2/23.2.0.0/xmlparserv2-23.2.0.0.pom]
2024-12-16 17:38:24.186 - Connect with 'jdbc:oracle:thin:@//localhost:1521/XE' (oracle_thin-193ce9ba909-1964bdcb2b7ed9)
2024-12-16 17:38:24.208 - Execution context opened (jdbc:oracle:thin:@//localhost:1521/XE; Main; 0)
2024-12-16 17:38:24.511 - Connected (oracle_thin-193ce9ba909-1964bdcb2b7ed9, Oracle JDBC driver [11.2.0.2.0])
2024-12-16 17:38:24.524 - Execution context closed (jdbc:oracle:thin:@//localhost:1521/XE, 0)
2024-12-16 17:38:24.524 - Disconnected (oracle_thin-193ce9ba909-1964bdcb2b7ed9)
2024-12-16 17:38:35.321 - Connect with 'jdbc:oracle:thin:@//localhost:1521/XE' (oracle_thin-193ce9e8429-7803c85574c7f357)
2024-12-16 17:38:35.321 - Execution context opened (jdbc:oracle:thin:@//localhost:1521/XE; Main; 1)
2024-12-16 17:38:35.337 - Connected (oracle_thin-193ce9e8429-7803c85574c7f357, Oracle JDBC driver [11.2.0.2.0])
2024-12-16 17:38:35.348 - Execution context closed (jdbc:oracle:thin:@//localhost:1521/XE, 1)
2024-12-16 17:38:35.348 - Disconnected (oracle_thin-193ce9e8429-7803c85574c7f357)
2024-12-16 17:38:37.298 - Connect with 'jdbc:oracle:thin:@//localhost:1521/XE' (oracle_thin-193ce9e8be1-5fb213d99b819688)
2024-12-16 17:38:37.298 - Execution context opened (jdbc:oracle:thin:@//localhost:1521/XE; Main; 2)
2024-12-16 17:38:37.313 - Connected (oracle_thin-193ce9e8be1-5fb213d99b819688, Oracle JDBC driver [11.2.0.2.0])
2024-12-16 17:38:37.325 - Execution context closed (jdbc:oracle:thin:@//localhost:1521/XE, 2)
2024-12-16 17:38:37.325 - Disconnected (oracle_thin-193ce9e8be1-5fb213d99b819688)
> Start DBeaver SQL Terminal [org.jkiss.dbeaver.ui.editors.sql.terminal 1.0.120.202412011650]
> Start Core Compare Support [org.eclipse.compare.core 3.8.500.v20240524-2010]
> Start Console [org.eclipse.ui.console 3.14.100.v20240429-1358]
> Start Debug Core [org.eclipse.debug.core 3.21.500.v20240801-2219]
> Start DBeaver Tasks - Native Tools UI [org.jkiss.dbeaver.tasks.native.ui 1.0.122.202412011650]
> Start DBeaver Tasks - General UI [org.jkiss.dbeaver.tasks.ui 1.0.122.202412011650]
2024-12-16 17:39:57.445 - Connect with 'localhost' (oracle_thin-193ce9ab9ff-53b4b43bb9b14948)
2024-12-16 17:39:57.446 - Execution context opened (localhost; Main; 3)
2024-12-16 17:39:57.461 - Execution context opened (localhost; Metadata; 4)
2024-12-16 17:39:57.483 - Connected (oracle_thin-193ce9ab9ff-53b4b43bb9b14948, Oracle JDBC driver [11.2.0.2.0])
2024-12-16 17:39:57.485 - Execution context opened (localhost; SQLEditor <Script.sql>; 5)
2024-12-16 17:40:27.223 - SWT resource leak detected
java.lang.Error: SWT Resource was not properly disposed
	at org.eclipse.swt.graphics.Resource.initNonDisposeTracking(Resource.java:172)
	at org.eclipse.swt.graphics.Resource.<init>(Resource.java:120)
	at org.eclipse.swt.graphics.Image.<init>(Image.java:621)
	at org.eclipse.jface.resource.ImageDescriptor.createImage(ImageDescriptor.java:340)
	at org.eclipse.jface.resource.ImageDescriptor.createImage(ImageDescriptor.java:289)
	at org.eclipse.jface.resource.ImageDescriptor.createImage(ImageDescriptor.java:267)
	at org.jkiss.dbeaver.ui.DBeaverIcons.getCompositeIcon(DBeaverIcons.java:170)
	at org.jkiss.dbeaver.ui.DBeaverIcons.getIconDescriptor(DBeaverIcons.java:122)
	at org.jkiss.dbeaver.ui.DBeaverIcons.getImage(DBeaverIcons.java:94)
	at org.jkiss.dbeaver.ui.editors.sql.SQLEditor.refreshEditorIconAndTitle(SQLEditor.java:3101)
	at org.jkiss.dbeaver.ui.editors.sql.SQLEditor.onDataSourceChange(SQLEditor.java:3016)
	at org.jkiss.dbeaver.ui.editors.sql.SQLEditor.lambda$32(SQLEditor.java:3263)
	at org.eclipse.swt.widgets.RunnableLock.run(RunnableLock.java:40)
	at org.eclipse.swt.widgets.Synchronizer.runAsyncMessages(Synchronizer.java:132)
	at org.eclipse.swt.widgets.Display.runAsyncMessages(Display.java:4099)
	at org.eclipse.swt.widgets.Display.readAndDispatch(Display.java:3715)
	at org.eclipse.e4.ui.internal.workbench.swt.PartRenderingEngine$5.run(PartRenderingEngine.java:1151)
	at org.eclipse.core.databinding.observable.Realm.runWithDefault(Realm.java:339)
	at org.eclipse.e4.ui.internal.workbench.swt.PartRenderingEngine.run(PartRenderingEngine.java:1042)
	at org.eclipse.e4.ui.internal.workbench.E4Workbench.createAndRunUI(E4Workbench.java:153)
	at org.eclipse.ui.internal.Workbench.lambda$3(Workbench.java:639)
	at org.eclipse.core.databinding.observable.Realm.runWithDefault(Realm.java:339)
	at org.eclipse.ui.internal.Workbench.createAndRunWorkbench(Workbench.java:546)
	at org.eclipse.ui.PlatformUI.createAndRunWorkbench(PlatformUI.java:173)
	at org.jkiss.dbeaver.ui.app.standalone.DBeaverApplication.start(DBeaverApplication.java:293)
	at org.eclipse.equinox.internal.app.EclipseAppHandle.run(EclipseAppHandle.java:208)
	at org.eclipse.core.runtime.internal.adaptor.EclipseAppLauncher.runApplication(EclipseAppLauncher.java:143)
	at org.eclipse.core.runtime.internal.adaptor.EclipseAppLauncher.start(EclipseAppLauncher.java:109)
	at org.eclipse.core.runtime.adaptor.EclipseStarter.run(EclipseStarter.java:439)
	at org.eclipse.core.runtime.adaptor.EclipseStarter.run(EclipseStarter.java:271)
	at java.base/jdk.internal.reflect.NativeMethodAccessorImpl.invoke0(Native Method)
	at java.base/jdk.internal.reflect.NativeMethodAccessorImpl.invoke(Unknown Source)
	at java.base/jdk.internal.reflect.DelegatingMethodAccessorImpl.invoke(Unknown Source)
	at java.base/java.lang.reflect.Method.invoke(Unknown Source)
	at org.jkiss.dbeaver.launcher.DBeaverLauncher.invokeFramework(DBeaverLauncher.java:650)
	at org.jkiss.dbeaver.launcher.DBeaverLauncher.basicRun(DBeaverLauncher.java:610)
	at org.jkiss.dbeaver.launcher.DBeaverLauncher.run(DBeaverLauncher.java:1461)
2024-12-16 17:40:27.489 - Delete empty SQL script '\day01\Scripts\day01.sql'
2024-12-16 17:40:27.819 - Delete empty SQL script '\day01\Scripts\day01.sql'
2024-12-16 17:40:27.985 - Execution context closed (localhost, 5)
2024-12-16 17:40:31.318 - Execution context opened (localhost; SQLEditor <Script.sql>; 6)
> Start DBeaver SQL Language Semantic Model [org.jkiss.dbeaver.model.lsm 1.0.39.202412011650]
2024-12-16 17:41:36.615 - SWT resource leak detected
java.lang.Error: SWT Resource was not properly disposed
	at org.eclipse.swt.graphics.Resource.initNonDisposeTracking(Resource.java:172)
	at org.eclipse.swt.graphics.Resource.<init>(Resource.java:120)
	at org.eclipse.swt.graphics.Image.<init>(Image.java:621)
	at org.eclipse.jface.resource.ImageDescriptor.createImage(ImageDescriptor.java:340)
	at org.eclipse.jface.resource.ImageDescriptor.createImage(ImageDescriptor.java:289)
	at org.eclipse.jface.resource.ImageDescriptor.createImage(ImageDescriptor.java:267)
	at org.jkiss.dbeaver.ui.DBeaverIcons.getCompositeIcon(DBeaverIcons.java:170)
	at org.jkiss.dbeaver.ui.DBeaverIcons.getIconDescriptor(DBeaverIcons.java:122)
	at org.jkiss.dbeaver.ui.DBeaverIcons.getImage(DBeaverIcons.java:94)
	at org.jkiss.dbeaver.ui.editors.sql.SQLEditor.refreshEditorIconAndTitle(SQLEditor.java:3101)
	at org.jkiss.dbeaver.ui.editors.sql.SQLEditor.onDataSourceChange(SQLEditor.java:3016)
	at org.jkiss.dbeaver.ui.editors.sql.SQLEditor.lambda$32(SQLEditor.java:3263)
	at org.eclipse.swt.widgets.RunnableLock.run(RunnableLock.java:40)
	at org.eclipse.swt.widgets.Synchronizer.runAsyncMessages(Synchronizer.java:132)
	at org.eclipse.swt.widgets.Display.runAsyncMessages(Display.java:4099)
	at org.eclipse.swt.widgets.Display.readAndDispatch(Display.java:3715)
	at org.eclipse.e4.ui.internal.workbench.swt.PartRenderingEngine$5.run(PartRenderingEngine.java:1151)
	at org.eclipse.core.databinding.observable.Realm.runWithDefault(Realm.java:339)
	at org.eclipse.e4.ui.internal.workbench.swt.PartRenderingEngine.run(PartRenderingEngine.java:1042)
	at org.eclipse.e4.ui.internal.workbench.E4Workbench.createAndRunUI(E4Workbench.java:153)
	at org.eclipse.ui.internal.Workbench.lambda$3(Workbench.java:639)
	at org.eclipse.core.databinding.observable.Realm.runWithDefault(Realm.java:339)
	at org.eclipse.ui.internal.Workbench.createAndRunWorkbench(Workbench.java:546)
	at org.eclipse.ui.PlatformUI.createAndRunWorkbench(PlatformUI.java:173)
	at org.jkiss.dbeaver.ui.app.standalone.DBeaverApplication.start(DBeaverApplication.java:293)
	at org.eclipse.equinox.internal.app.EclipseAppHandle.run(EclipseAppHandle.java:208)
	at org.eclipse.core.runtime.internal.adaptor.EclipseAppLauncher.runApplication(EclipseAppLauncher.java:143)
	at org.eclipse.core.runtime.internal.adaptor.EclipseAppLauncher.start(EclipseAppLauncher.java:109)
	at org.eclipse.core.runtime.adaptor.EclipseStarter.run(EclipseStarter.java:439)
	at org.eclipse.core.runtime.adaptor.EclipseStarter.run(EclipseStarter.java:271)
	at java.base/jdk.internal.reflect.NativeMethodAccessorImpl.invoke0(Native Method)
	at java.base/jdk.internal.reflect.NativeMethodAccessorImpl.invoke(Unknown Source)
	at java.base/jdk.internal.reflect.DelegatingMethodAccessorImpl.invoke(Unknown Source)
	at java.base/java.lang.reflect.Method.invoke(Unknown Source)
	at org.jkiss.dbeaver.launcher.DBeaverLauncher.invokeFramework(DBeaverLauncher.java:650)
	at org.jkiss.dbeaver.launcher.DBeaverLauncher.basicRun(DBeaverLauncher.java:610)
	at org.jkiss.dbeaver.launcher.DBeaverLauncher.run(DBeaverLauncher.java:1461)
2024-12-16 17:41:58.568 - Auth model 'native' was replaced by 'oracle_native'
2024-12-16 17:41:58.573 - Service 'org.jkiss.dbeaver.runtime.ui.UIServiceSecurity' not found
2024-12-16 17:55:21.153 - SQL Error [900] [42000]: ORA-00900: invalid SQL statement

org.jkiss.dbeaver.model.sql.DBSQLException: SQL Error [900] [42000]: ORA-00900: invalid SQL statement

	at org.jkiss.dbeaver.model.impl.jdbc.exec.JDBCStatementImpl.executeStatement(JDBCStatementImpl.java:130)
	at org.jkiss.dbeaver.ui.editors.sql.execute.SQLQueryJob.executeStatement(SQLQueryJob.java:631)
	at org.jkiss.dbeaver.ui.editors.sql.execute.SQLQueryJob.lambda$2(SQLQueryJob.java:522)
	at org.jkiss.dbeaver.model.exec.DBExecUtils.tryExecuteRecover(DBExecUtils.java:192)
	at org.jkiss.dbeaver.ui.editors.sql.execute.SQLQueryJob.executeSingleQuery(SQLQueryJob.java:541)
	at org.jkiss.dbeaver.ui.editors.sql.execute.SQLQueryJob.extractData(SQLQueryJob.java:1016)
	at org.jkiss.dbeaver.ui.editors.sql.SQLEditor$QueryResultsContainer.readData(SQLEditor.java:4273)
	at org.jkiss.dbeaver.ui.controls.resultset.ResultSetJobDataRead.lambda$0(ResultSetJobDataRead.java:128)
	at org.jkiss.dbeaver.model.exec.DBExecUtils.tryExecuteRecover(DBExecUtils.java:192)
	at org.jkiss.dbeaver.ui.controls.resultset.ResultSetJobDataRead.run(ResultSetJobDataRead.java:126)
	at org.jkiss.dbeaver.ui.controls.resultset.ResultSetViewer$ResultSetDataPumpJob.run(ResultSetViewer.java:5166)
	at org.jkiss.dbeaver.model.runtime.AbstractJob.run(AbstractJob.java:119)
	at org.eclipse.core.internal.jobs.Worker.run(Worker.java:63)
Caused by: java.sql.SQLSyntaxErrorException: ORA-00900: invalid SQL statement

	at oracle.jdbc.driver.T4CTTIoer.processError(T4CTTIoer.java:440)
	at oracle.jdbc.driver.T4CTTIoer.processError(T4CTTIoer.java:396)
	at oracle.jdbc.driver.T4C8Oall.processError(T4C8Oall.java:837)
	at oracle.jdbc.driver.T4CTTIfun.receive(T4CTTIfun.java:445)
	at oracle.jdbc.driver.T4CTTIfun.doRPC(T4CTTIfun.java:191)
	at oracle.jdbc.driver.T4C8Oall.doOALL(T4C8Oall.java:523)
	at oracle.jdbc.driver.T4CStatement.doOall8(T4CStatement.java:193)
	at oracle.jdbc.driver.T4CStatement.executeForRows(T4CStatement.java:999)
	at oracle.jdbc.driver.OracleStatement.doExecuteWithTimeout(OracleStatement.java:1315)
	at oracle.jdbc.driver.OracleStatement.executeInternal(OracleStatement.java:1890)
	at oracle.jdbc.driver.OracleStatement.execute(OracleStatement.java:1855)
	at oracle.jdbc.driver.OracleStatementWrapper.execute(OracleStatementWrapper.java:304)
	at org.jkiss.dbeaver.model.impl.jdbc.exec.JDBCStatementImpl.execute(JDBCStatementImpl.java:344)
	at org.jkiss.dbeaver.model.impl.jdbc.exec.JDBCStatementImpl.executeStatement(JDBCStatementImpl.java:128)
	... 12 more
2024-12-16 17:55:21.224 - Error binding callable statement parameters from metadata: 지원되지 않는 기능입니다
2024-12-16 17:55:21.224 - Error obtaining output parameters from metadata: 지원되지 않는 기능입니다
2024-12-16 17:55:21.224 - Can't obtain procedure metadata nor jdbc metadata
2024-12-16 17:55:49.188 - SQL Error [904] [42000]: ORA-00904: "FRIST_NAME": invalid identifier

org.jkiss.dbeaver.model.sql.DBSQLException: SQL Error [904] [42000]: ORA-00904: "FRIST_NAME": invalid identifier

	at org.jkiss.dbeaver.model.impl.jdbc.exec.JDBCStatementImpl.executeStatement(JDBCStatementImpl.java:130)
	at org.jkiss.dbeaver.ui.editors.sql.execute.SQLQueryJob.executeStatement(SQLQueryJob.java:631)
	at org.jkiss.dbeaver.ui.editors.sql.execute.SQLQueryJob.lambda$2(SQLQueryJob.java:522)
	at org.jkiss.dbeaver.model.exec.DBExecUtils.tryExecuteRecover(DBExecUtils.java:192)
	at org.jkiss.dbeaver.ui.editors.sql.execute.SQLQueryJob.executeSingleQuery(SQLQueryJob.java:541)
	at org.jkiss.dbeaver.ui.editors.sql.execute.SQLQueryJob.extractData(SQLQueryJob.java:1016)
	at org.jkiss.dbeaver.ui.editors.sql.SQLEditor$QueryResultsContainer.readData(SQLEditor.java:4273)
	at org.jkiss.dbeaver.ui.controls.resultset.ResultSetJobDataRead.lambda$0(ResultSetJobDataRead.java:128)
	at org.jkiss.dbeaver.model.exec.DBExecUtils.tryExecuteRecover(DBExecUtils.java:192)
	at org.jkiss.dbeaver.ui.controls.resultset.ResultSetJobDataRead.run(ResultSetJobDataRead.java:126)
	at org.jkiss.dbeaver.ui.controls.resultset.ResultSetViewer$ResultSetDataPumpJob.run(ResultSetViewer.java:5166)
	at org.jkiss.dbeaver.model.runtime.AbstractJob.run(AbstractJob.java:119)
	at org.eclipse.core.internal.jobs.Worker.run(Worker.java:63)
Caused by: java.sql.SQLSyntaxErrorException: ORA-00904: "FRIST_NAME": invalid identifier

	at oracle.jdbc.driver.T4CTTIoer.processError(T4CTTIoer.java:440)
	at oracle.jdbc.driver.T4CTTIoer.processError(T4CTTIoer.java:396)
	at oracle.jdbc.driver.T4C8Oall.processError(T4C8Oall.java:837)
	at oracle.jdbc.driver.T4CTTIfun.receive(T4CTTIfun.java:445)
	at oracle.jdbc.driver.T4CTTIfun.doRPC(T4CTTIfun.java:191)
	at oracle.jdbc.driver.T4C8Oall.doOALL(T4C8Oall.java:523)
	at oracle.jdbc.driver.T4CStatement.doOall8(T4CStatement.java:193)
	at oracle.jdbc.driver.T4CStatement.executeForDescribe(T4CStatement.java:848)
	at oracle.jdbc.driver.OracleStatement.executeMaybeDescribe(OracleStatement.java:1153)
	at oracle.jdbc.driver.OracleStatement.doExecuteWithTimeout(OracleStatement.java:1275)
	at oracle.jdbc.driver.OracleStatement.executeInternal(OracleStatement.java:1890)
	at oracle.jdbc.driver.OracleStatement.execute(OracleStatement.java:1855)
	at oracle.jdbc.driver.OracleStatementWrapper.execute(OracleStatementWrapper.java:304)
	at org.jkiss.dbeaver.model.impl.jdbc.exec.JDBCStatementImpl.execute(JDBCStatementImpl.java:344)
	at org.jkiss.dbeaver.model.impl.jdbc.exec.JDBCStatementImpl.executeStatement(JDBCStatementImpl.java:128)
	... 12 more
2024-12-16 17:55:49.251 - Error binding callable statement parameters from metadata: 지원되지 않는 기능입니다
2024-12-16 17:55:49.251 - Error obtaining output parameters from metadata: 지원되지 않는 기능입니다
2024-12-16 17:55:49.251 - Can't obtain procedure metadata nor jdbc metadata
2024-12-16 17:57:32.376 - Execution context closed (localhost, 6)
2024-12-16 17:57:32.474 - Dispose navigator model
2024-12-16 17:57:32.490 - DBeaver is stopping
2024-12-16 17:57:32.490 - Stop instance server
2024-12-16 17:57:33.495 - Instance server has been stopped
2024-12-16 17:57:33.495 - DBeaver shutdown completed
